app/build/intermediates/manifest_merge_blame_file/debug/manifest-merger-blame-debug-report.txt
1<?xml version="1.0" encoding="utf-8"?>
2<manifest xmlns:android="http://schemas.android.com/apk/res/android"
3    package="com.myexpensetracker.royan096"
4    android:versionCode="1"
5    android:versionName="1.0" >
6
7    <uses-sdk
8        android:minSdkVersion="21"
8-->src\main\AndroidManifest.xml
9        android:targetSdkVersion="31" />
9-->src\main\AndroidManifest.xml
10
11    <application
11-->src\main\AndroidManifest.xml:5:5-17:19
12        android:allowBackup="true"
12-->src\main\AndroidManifest.xml:6:9-35
13        android:appComponentFactory="androidx.core.app.CoreComponentFactory"
13-->[androidx.core:core:1.5.0] AndroidManifest.xml:24:18-86
14        android:debuggable="true"
15        android:icon="@mipmap/ic_launcher"
15-->src\main\AndroidManifest.xml:7:9-43
16        android:label="@string/app_name"
16-->src\main\AndroidManifest.xml:8:9-41
17        android:supportsRtl="true"
17-->src\main\AndroidManifest.xml:9:9-35
18        android:testOnly="true"
19        android:theme="@style/Theme.MyExpenseTracker" >
19-->src\main\AndroidManifest.xml:10:9-54
20        <activity
20-->src\main\AndroidManifest.xml:11:5-16:20
21            android:name="com.myexpensetracker.royan096.MainActivity"
21-->src\main\AndroidManifest.xml:11:15-43
22            android:exported="true" >
22-->src\main\AndroidManifest.xml:11:44-67
23            <intent-filter>
23-->src\main\AndroidManifest.xml:12:13-15:29
24                <action android:name="android.intent.action.MAIN" />
24-->src\main\AndroidManifest.xml:13:17-69
24-->src\main\AndroidManifest.xml:13:25-66
25
26                <category android:name="android.intent.category.LAUNCHER" />
26-->src\main\AndroidManifest.xml:14:17-77
26-->src\main\AndroidManifest.xml:14:27-74
27            </intent-filter>
28        </activity>
29    </application>
30
31</manifest>